<?xml version="1.0" encoding="UTF-8"?>
<!-- Generated by org.testng.reporters.JUnitReportReporter -->
<testsuite skipped="0" hostname="dell" name="com.employee.testCases.TC001_Get_All_Employees" tests="3" failures="0" timestamp="21 Feb 2021 04:45:03 GMT" time="0.041" errors="0">
  <testcase name="checkResponseTime" time="0.004" classname="com.employee.testCases.TC001_Get_All_Employees"/>
  <testcase name="checkStatusCode" time="0.005" classname="com.employee.testCases.TC001_Get_All_Employees"/>
  <testcase name="checkResponseBody" time="0.032" classname="com.employee.testCases.TC001_Get_All_Employees"/>
</testsuite> <!-- com.employee.testCases.TC001_Get_All_Employees -->
