<?xml version="1.0" encoding="UTF-8"?>
<!-- Generated by org.testng.reporters.JUnitReportReporter -->
<testsuite skipped="0" hostname="dell" name="com.employee.testCases.TC005_Delete_Employee_Record" tests="2" failures="0" timestamp="21 Feb 2021 04:45:03 GMT" time="0.023" errors="0">
  <testcase name="checkResponseBody" time="0.017" classname="com.employee.testCases.TC005_Delete_Employee_Record"/>
  <testcase name="checkStatusCode" time="0.006" classname="com.employee.testCases.TC005_Delete_Employee_Record"/>
</testsuite> <!-- com.employee.testCases.TC005_Delete_Employee_Record -->
